
 -----------------------------------------------
      Restrained ESP Fit 2.3  Amber 4.1
 -----------------------------------------------
  RESP Stage 2 input                                                             
 -----------------------------------------------


 inopt       =     0   ioutopt     =     1
 nmol        =     1   iqopt       =     2
 ihfree      =     1   irstrnt     =     1
 iunits      =     0   qwt         =   0.00100000
 wtmol(1) =     1.000000
 subtitle:

Resp charges for organic molecule                                               
ich =   0  iuniq =  18
    1    1    0
    2    6    0
    3    1    1
    4    1    1
    5    7  -99
    6    6  -99
    7    1  -99
    8    7  -99
    9    6  -99
   10    6  -99
   11    7  -99
   12    1  -99
   13    1  -99
   14    7  -99
   15    6  -99
   16    1  -99
   17    7  -99
   18    6  -99
 new q0 values to be read  18

  ----------------------------------------------------------------------------
     ATOM                       COORDINATES                         CHARGE
                       X             Y                Z
  ----------------------------------------------------------------------------
  ----------------------------------------------------------------------------


 Charge on the molecule(ich) =    0
 Total number of atoms (iuniq)     =   18
 Weight factor on initial charge restraints(qwt)=     0.10000D-02


  there are  1 charge constraints:


     1       1
     2       1
     3       1
     4       1
     5       1
     6       1
     7       1
     8       1
     9       1
    10       1
    11       1
    12       1
    13       1
    14       1
    15       1
    16       1
    17       1
    18       1

 Reading esp"s for molecule   1
 total number of atoms      =    18
 total number of esp points = 19734


 center     X       Y       Z 
    1   0.5372491E+01  -0.3046238E+01   0.9448630E-01
    2   0.5782562E+01  -0.1028011E+01  -0.5291233E-01
    3   0.6808683E+01  -0.6670733E+00  -0.1812247E+01
    4   0.6942853E+01  -0.4478651E+00   0.1557134E+01
    5   0.3376940E+01   0.2947973E+00  -0.4157397E-01
    6   0.2940414E+01   0.2861045E+01  -0.1492884E+00
    7   0.4501327E+01   0.4187633E+01  -0.2551130E+00
    8   0.5499103E+00   0.3486544E+01  -0.1114938E+00
    9  -0.6784116E+00   0.1179189E+01   0.3023562E-01
   10  -0.3255998E+01   0.5026671E+00   0.1247219E+00
   11  -0.5115488E+01   0.2256333E+01   0.1322808E+00
   12  -0.6918287E+01   0.1662959E+01   0.7558904E-02
   13  -0.4680851E+01   0.4085588E+01  -0.1530678E+00
   14  -0.3877718E+01  -0.1952087E+01   0.2362157E+00
   15  -0.1999330E+01  -0.3662289E+01   0.2664514E+00
   16  -0.2613491E+01  -0.5627604E+01   0.3609377E+00
   17   0.4856596E+00  -0.3290013E+01   0.1946418E+00
   18   0.1029901E+01  -0.8163616E+00   0.7369931E-01
 Initial ssvpot =     5.350


 Number of unique UNfrozen centers=    2

 Non-linear optimization requested.
 qchnge =    0.1166376413    
 qchnge =    0.4753534022E-04
 qchnge =    0.1502075610E-06

 Convergence in    2 iterations


Resp charges for organic molecule                                               

          Point Charges Before & After Optimization

    no.  At.no.    q(init)       q(opt)     ivary    d(rstr)/dq
    1   1       0.135208       0.105821      0       0.000000
    2   6      -0.175500      -0.178803      0       0.004881
    3   1       0.087617       0.105821      1       0.000000
    4   1       0.091334       0.105821      1       0.000000
    5   7      -0.094261      -0.094261    -99       0.007277
    6   6       0.170301       0.170301    -99       0.005064
    7   1       0.149435       0.149435    -99       0.000000
    8   7      -0.550516      -0.550516    -99       0.001787
    9   6      -0.128830      -0.128830    -99       0.006132
   10   6       0.847992       0.847992    -99       0.001171
   11   7      -0.993759      -0.993759    -99       0.001001
   12   1       0.434695       0.434695    -99       0.000000
   13   1       0.434695       0.434695    -99       0.000000
   14   7      -0.817936      -0.817936    -99       0.001214
   15   6       0.586846       0.586846    -99       0.001680
   16   1       0.067886       0.067886    -99       0.000000
   17   7      -0.766532      -0.766532    -99       0.001294
   18   6       0.521325       0.521325    -99       0.001884

 Sum over the calculated charges:     -0.000

        Statistics of the fitting:
  The initial sum of squares (ssvpot)                      5.350
  The residual sum of squares (chipot)                     0.083
  The std err of estimate (sqrt(chipot/N))               0.00205
  ESP relative RMS (SQRT(chipot/ssvpot))                 0.12424

 Center of Mass (Angst.):

 X  =   0.00000      Y  =   0.00000      Z  =   0.00000

 Dipole (Debye):

 X  =   2.27641      Y  =   1.53019      Z  =  -0.56362

 Dipole Moment (Debye)=   2.80021

 Quadrupole (Debye*Angst.):

 Qxx =  37.39114     QYY = -18.75948     QZZ = -18.63167
 Qxy = -27.55944     QXZ = -18.18445     QYZ = -22.61523
