
 -----------------------------------------------
      Restrained ESP Fit 2.3  Amber 4.1
 -----------------------------------------------
  RESP Stage 1 input                                                             
 -----------------------------------------------


 inopt       =     0   ioutopt     =     1
 nmol        =     1   iqopt       =     1
 ihfree      =     1   irstrnt     =     1
 iunits      =     0   qwt         =   0.00050000
 wtmol(1) =     1.000000
 subtitle:

Resp charges for organic molecule                                               
ich =   0  iuniq =  18
    1    1    0
    2    6    0
    3    1    0
    4    1    0
    5    7    0
    6    6    0
    7    1    0
    8    7    0
    9    6    0
   10    6    0
   11    7    0
   12    1    0
   13    1   12
   14    7    0
   15    6    0
   16    1    0
   17    7    0
   18    6    0
 IQOPT=1, all q0 values will be set to 0


  ----------------------------------------------------------------------------
     ATOM                       COORDINATES                         CHARGE
                       X             Y                Z
  ----------------------------------------------------------------------------
  ----------------------------------------------------------------------------


 Charge on the molecule(ich) =    0
 Total number of atoms (iuniq)     =   18
 Weight factor on initial charge restraints(qwt)=     0.50000D-03


  there are  1 charge constraints:


     1       1
     2       1
     3       1
     4       1
     5       1
     6       1
     7       1
     8       1
     9       1
    10       1
    11       1
    12       1
    13       1
    14       1
    15       1
    16       1
    17       1
    18       1

 Reading esp"s for molecule   1
 total number of atoms      =    18
 total number of esp points = 19734


 center     X       Y       Z 
    1   0.5372491E+01  -0.3046238E+01   0.9448630E-01
    2   0.5782562E+01  -0.1028011E+01  -0.5291233E-01
    3   0.6808683E+01  -0.6670733E+00  -0.1812247E+01
    4   0.6942853E+01  -0.4478651E+00   0.1557134E+01
    5   0.3376940E+01   0.2947973E+00  -0.4157397E-01
    6   0.2940414E+01   0.2861045E+01  -0.1492884E+00
    7   0.4501327E+01   0.4187633E+01  -0.2551130E+00
    8   0.5499103E+00   0.3486544E+01  -0.1114938E+00
    9  -0.6784116E+00   0.1179189E+01   0.3023562E-01
   10  -0.3255998E+01   0.5026671E+00   0.1247219E+00
   11  -0.5115488E+01   0.2256333E+01   0.1322808E+00
   12  -0.6918287E+01   0.1662959E+01   0.7558904E-02
   13  -0.4680851E+01   0.4085588E+01  -0.1530678E+00
   14  -0.3877718E+01  -0.1952087E+01   0.2362157E+00
   15  -0.1999330E+01  -0.3662289E+01   0.2664514E+00
   16  -0.2613491E+01  -0.5627604E+01   0.3609377E+00
   17   0.4856596E+00  -0.3290013E+01   0.1946418E+00
   18   0.1029901E+01  -0.8163616E+00   0.7369931E-01
 Initial ssvpot =     5.350


 Number of unique UNfrozen centers=   17

 Non-linear optimization requested.
 qchnge =    0.1169396631    
 qchnge =    0.5191863558E-03
 qchnge =    0.1090807997E-04
 qchnge =    0.2595545613E-06

 Convergence in    3 iterations


Resp charges for organic molecule                                               

          Point Charges Before & After Optimization

    no.  At.no.    q(init)       q(opt)     ivary    d(rstr)/dq
    1   1       0.000000       0.135208      0       0.000000
    2   6       0.000000      -0.175500      0       0.002475
    3   1       0.000000       0.087617      0       0.000000
    4   1       0.000000       0.091334      0       0.000000
    5   7       0.000000      -0.094261      0       0.003638
    6   6       0.000000       0.170301      0       0.002532
    7   1       0.000000       0.149435      0       0.000000
    8   7       0.000000      -0.550516      0       0.000894
    9   6       0.000000      -0.128830      0       0.003066
   10   6       0.000000       0.847992      0       0.000586
   11   7       0.000000      -0.993759      0       0.000501
   12   1       0.000000       0.434695      0       0.000000
   13   1       0.000000       0.434695     12       0.000000
   14   7       0.000000      -0.817936      0       0.000607
   15   6       0.000000       0.586846      0       0.000840
   16   1       0.000000       0.067886      0       0.000000
   17   7       0.000000      -0.766532      0       0.000647
   18   6       0.000000       0.521325      0       0.000942

 Sum over the calculated charges:     -0.000

        Statistics of the fitting:
  The initial sum of squares (ssvpot)                      5.350
  The residual sum of squares (chipot)                     0.055
  The std err of estimate (sqrt(chipot/N))               0.00168
  ESP relative RMS (SQRT(chipot/ssvpot))                 0.10182

 Center of Mass (Angst.):

 X  =   0.00000      Y  =   0.00000      Z  =   0.00000

 Dipole (Debye):

 X  =   2.15556      Y  =   1.34137      Z  =  -0.53049

 Dipole Moment (Debye)=   2.59367

 Quadrupole (Debye*Angst.):

 Qxx =  35.59203     QYY = -17.13394     QZZ = -18.45809
 Qxy = -28.50853     QXZ = -17.29846     QYZ = -22.14120
